<?xml version="1.0" encoding="UTF-8"?>
<!-- Generated by org.testng.reporters.JUnitReportReporter -->
<testsuite skipped="0" hostname="DESKTOP-3GNVT0U" name="com.qa.testcases.DateRange" tests="6" failures="0" timestamp="09 Apr 2021 08:55:11 GMT" time="3031.608" errors="0">
  <testcase name="date_validations" time="249.573" classname="com.qa.testcases.DateRange"/>
  <testcase name="email_sourcing" time="264.033" classname="com.qa.testcases.DateRange"/>
  <testcase name="auto_email_multi_attach" time="1550.220" classname="com.qa.testcases.DateRange"/>
  <testcase name="Auto_email" time="423.425" classname="com.qa.testcases.DateRange"/>
  <testcase name="dunning_values_testing" time="351.353" classname="com.qa.testcases.DateRange"/>
  <testcase name="configuration" time="193.004" classname="com.qa.testcases.DateRange"/>
</testsuite> <!-- com.qa.testcases.DateRange -->
